<?xml version="1.0" encoding="UTF-8"?>
<!-- Generated by org.testng.reporters.JUnitXMLReporter -->
<testsuite ignored="0" hostname="MLIVE-LP00960" failures="1" tests="1" name="Add Customer Test" time="1.381" errors="0" timestamp="13 Jun 2019 15:54:26 GMT">
  <testcase classname="com.w2a.testcases.AddCustomerTest" name="addCustomer" time="1.361">
    <failure type="java.lang.AssertionError" message="Customer not added successfully">
      <![CDATA[java.lang.AssertionError: Customer not added successfully
	at com.w2a.testcases.AddCustomerTest.addCustomer(AddCustomerTest.java:31)
... Removed 25 stack frames]]>
    </failure>
  </testcase> <!-- addCustomer -->
</testsuite> <!-- Add Customer Test -->
