<?xml version="1.0" encoding="UTF-8"?>
<!-- Generated by org.testng.reporters.JUnitXMLReporter -->
<testsuite ignored="0" hostname="MLIVE-LP00960" failures="1" tests="1" name="Bank Manager Login Test" time="0.552" errors="0" timestamp="13 Jun 2019 15:54:25 GMT">
  <testcase classname="com.w2a.testcases.BankManagerLoginTest" name="loginAsBankManager" time="0.526">
    <failure type="java.lang.AssertionError" message="Login not successfull">
      <![CDATA[java.lang.AssertionError: Login not successfull
	at com.w2a.testcases.BankManagerLoginTest.loginAsBankManager(BankManagerLoginTest.java:18)
... Removed 25 stack frames]]>
    </failure>
  </testcase> <!-- loginAsBankManager -->
</testsuite> <!-- Bank Manager Login Test -->
