<?xml version="1.0" encoding="UTF-8"?>
<!-- Generated by org.testng.reporters.JUnitXMLReporter -->
<testsuite hostname="MLIVE-LP00960" ignored="0" name="Add Customer Test" tests="1" failures="1" timestamp="14 Jun 2019 18:53:24 GMT" time="1.574" errors="0">
  <testcase name="addCustomer" time="1.094" classname="com.w2a.testcases.AddCustomerTest">
    <failure type="java.lang.AssertionError" message="Customer not added successfully">
      <![CDATA[java.lang.AssertionError: Customer not added successfully
	at com.w2a.testcases.AddCustomerTest.addCustomer(AddCustomerTest.java:31)
... Removed 29 stack frames]]>
    </failure>
  </testcase> <!-- addCustomer -->
</testsuite> <!-- Add Customer Test -->
